Analysis & Synthesis report for cpu_top
Mon Nov  5 15:41:46 2012
Quartus II Version 11.0 Build 208 07/03/2011 Service Pack 1 SJ Web Edition


---------------------
; Table of Contents ;
---------------------
  1. Legal Notice
  2. Analysis & Synthesis Summary
  3. Analysis & Synthesis Settings
  4. Parallel Compilation
  5. Analysis & Synthesis Source Files Read
  6. Analysis & Synthesis Resource Usage Summary
  7. Analysis & Synthesis Resource Utilization by Entity
  8. Registers Removed During Synthesis
  9. General Register Statistics
 10. Multiplexer Restructuring Statistics (Restructuring Performed)
 11. Port Connectivity Checks: "phase_gen:pg"
 12. Elapsed Time Per Partition
 13. Analysis & Synthesis Messages



----------------
; Legal Notice ;
----------------
Copyright (C) 1991-2011 Altera Corporation
Your use of Altera Corporation's design tools, logic functions 
and other software and tools, and its AMPP partner logic 
functions, and any output files from any of the foregoing 
(including device programming or simulation files), and any 
associated documentation or information are expressly subject 
to the terms and conditions of the Altera Program License 
Subscription Agreement, Altera MegaCore Function License 
Agreement, or other applicable license agreement, including, 
without limitation, that your use is for the sole purpose of 
programming logic devices manufactured by Altera and sold by 
Altera or its authorized distributors.  Please refer to the 
applicable agreement for further details.



+-----------------------------------------------------------------------------+
; Analysis & Synthesis Summary                                                ;
+-----------------------------+-----------------------------------------------+
; Analysis & Synthesis Status ; Successful - Mon Nov  5 15:41:46 2012         ;
; Quartus II Version          ; 11.0 Build 208 07/03/2011 SP 1 SJ Web Edition ;
; Revision Name               ; cpu_top                                       ;
; Top-level Entity Name       ; top_module                                    ;
; Family                      ; Cyclone                                       ;
; Total logic elements        ; 286                                           ;
; Total pins                  ; 74                                            ;
; Total virtual pins          ; 0                                             ;
; Total memory bits           ; 0                                             ;
; Total PLLs                  ; 0                                             ;
+-----------------------------+-----------------------------------------------+


+----------------------------------------------------------------------------------------------------------------------+
; Analysis & Synthesis Settings                                                                                        ;
+----------------------------------------------------------------------------+--------------------+--------------------+
; Option                                                                     ; Setting            ; Default Value      ;
+----------------------------------------------------------------------------+--------------------+--------------------+
; Device                                                                     ; EP1C6Q240C8        ;                    ;
; Top-level entity name                                                      ; top_module         ; cpu_top            ;
; Family name                                                                ; Cyclone            ; Cyclone IV GX      ;
; Use smart compilation                                                      ; Off                ; Off                ;
; Enable parallel Assembler and TimeQuest Timing Analyzer during compilation ; On                 ; On                 ;
; Enable compact report table                                                ; Off                ; Off                ;
; Restructure Multiplexers                                                   ; Auto               ; Auto               ;
; Create Debugging Nodes for IP Cores                                        ; Off                ; Off                ;
; Preserve fewer node names                                                  ; On                 ; On                 ;
; Disable OpenCore Plus hardware evaluation                                  ; Off                ; Off                ;
; Verilog Version                                                            ; Verilog_2001       ; Verilog_2001       ;
; VHDL Version                                                               ; VHDL_1993          ; VHDL_1993          ;
; State Machine Processing                                                   ; Auto               ; Auto               ;
; Safe State Machine                                                         ; Off                ; Off                ;
; Extract Verilog State Machines                                             ; On                 ; On                 ;
; Extract VHDL State Machines                                                ; On                 ; On                 ;
; Ignore Verilog initial constructs                                          ; Off                ; Off                ;
; Iteration limit for constant Verilog loops                                 ; 5000               ; 5000               ;
; Iteration limit for non-constant Verilog loops                             ; 250                ; 250                ;
; Add Pass-Through Logic to Inferred RAMs                                    ; On                 ; On                 ;
; Parallel Synthesis                                                         ; On                 ; On                 ;
; NOT Gate Push-Back                                                         ; On                 ; On                 ;
; Power-Up Don't Care                                                        ; On                 ; On                 ;
; Remove Redundant Logic Cells                                               ; Off                ; Off                ;
; Remove Duplicate Registers                                                 ; On                 ; On                 ;
; Ignore CARRY Buffers                                                       ; Off                ; Off                ;
; Ignore CASCADE Buffers                                                     ; Off                ; Off                ;
; Ignore GLOBAL Buffers                                                      ; Off                ; Off                ;
; Ignore ROW GLOBAL Buffers                                                  ; Off                ; Off                ;
; Ignore LCELL Buffers                                                       ; Off                ; Off                ;
; Ignore SOFT Buffers                                                        ; On                 ; On                 ;
; Limit AHDL Integers to 32 Bits                                             ; Off                ; Off                ;
; Optimization Technique                                                     ; Balanced           ; Balanced           ;
; Carry Chain Length                                                         ; 70                 ; 70                 ;
; Auto Carry Chains                                                          ; On                 ; On                 ;
; Auto Open-Drain Pins                                                       ; On                 ; On                 ;
; Perform WYSIWYG Primitive Resynthesis                                      ; Off                ; Off                ;
; Auto ROM Replacement                                                       ; On                 ; On                 ;
; Auto RAM Replacement                                                       ; On                 ; On                 ;
; Auto Shift Register Replacement                                            ; Auto               ; Auto               ;
; Allow Shift Register Merging across Hierarchies                            ; Auto               ; Auto               ;
; Auto Clock Enable Replacement                                              ; On                 ; On                 ;
; Strict RAM Replacement                                                     ; Off                ; Off                ;
; Allow Synchronous Control Signals                                          ; On                 ; On                 ;
; Force Use of Synchronous Clear Signals                                     ; Off                ; Off                ;
; Auto RAM Block Balancing                                                   ; On                 ; On                 ;
; Auto RAM to Logic Cell Conversion                                          ; Off                ; Off                ;
; Auto Resource Sharing                                                      ; Off                ; Off                ;
; Allow Any RAM Size For Recognition                                         ; Off                ; Off                ;
; Allow Any ROM Size For Recognition                                         ; Off                ; Off                ;
; Allow Any Shift Register Size For Recognition                              ; Off                ; Off                ;
; Use LogicLock Constraints during Resource Balancing                        ; On                 ; On                 ;
; Ignore translate_off and synthesis_off directives                          ; Off                ; Off                ;
; Report Parameter Settings                                                  ; On                 ; On                 ;
; Report Source Assignments                                                  ; On                 ; On                 ;
; Report Connectivity Checks                                                 ; On                 ; On                 ;
; Ignore Maximum Fan-Out Assignments                                         ; Off                ; Off                ;
; Synchronization Register Chain Length                                      ; 2                  ; 2                  ;
; PowerPlay Power Optimization                                               ; Normal compilation ; Normal compilation ;
; HDL message level                                                          ; Level2             ; Level2             ;
; Suppress Register Optimization Related Messages                            ; Off                ; Off                ;
; Number of Removed Registers Reported in Synthesis Report                   ; 5000               ; 5000               ;
; Number of Inverted Registers Reported in Synthesis Report                  ; 100                ; 100                ;
; Clock MUX Protection                                                       ; On                 ; On                 ;
; Block Design Naming                                                        ; Auto               ; Auto               ;
; Synthesis Effort                                                           ; Auto               ; Auto               ;
; Shift Register Replacement - Allow Asynchronous Clear Signal               ; On                 ; On                 ;
; Analysis & Synthesis Message Level                                         ; Medium             ; Medium             ;
; Disable Register Merging Across Hierarchies                                ; Auto               ; Auto               ;
; Resource Aware Inference For Block RAM                                     ; On                 ; On                 ;
; Synthesis Seed                                                             ; 1                  ; 1                  ;
+----------------------------------------------------------------------------+--------------------+--------------------+


Parallel compilation was disabled, but you have multiple processors available. Enable parallel compilation to reduce compilation time.
+-------------------------------------+
; Parallel Compilation                ;
+----------------------------+--------+
; Processors                 ; Number ;
+----------------------------+--------+
; Number detected on machine ; 2      ;
; Maximum allowed            ; 1      ;
+----------------------------+--------+


+----------------------------------------------------------------------------------------------------------------------------------------+
; Analysis & Synthesis Source Files Read                                                                                                 ;
+----------------------------------+-----------------+------------------------+----------------------------------------------------------+
; File Name with User-Entered Path ; Used in Netlist ; File Type              ; File Name with Absolute Path                             ;
+----------------------------------+-----------------+------------------------+----------------------------------------------------------+
; src/adder.v                      ; yes             ; User Verilog HDL File  ; /home/denjo/mygit/experiment/cpu/cpu/src/adder.v         ;
; src/phase_gen.v                  ; yes             ; User Verilog HDL File  ; /home/denjo/mygit/experiment/cpu/cpu/src/phase_gen.v     ;
; src/register_file.v              ; yes             ; User Verilog HDL File  ; /home/denjo/mygit/experiment/cpu/cpu/src/register_file.v ;
; src/top_module.v                 ; yes             ; User Verilog HDL File  ; /home/denjo/mygit/experiment/cpu/cpu/src/top_module.v    ;
+----------------------------------+-----------------+------------------------+----------------------------------------------------------+


+-----------------------------------------------------+
; Analysis & Synthesis Resource Usage Summary         ;
+---------------------------------------------+-------+
; Resource                                    ; Usage ;
+---------------------------------------------+-------+
; Total logic elements                        ; 286   ;
;     -- Combinational with no register       ; 141   ;
;     -- Register only                        ; 74    ;
;     -- Combinational with a register        ; 71    ;
;                                             ;       ;
; Logic element usage by number of LUT inputs ;       ;
;     -- 4 input functions                    ; 83    ;
;     -- 3 input functions                    ; 86    ;
;     -- 2 input functions                    ; 43    ;
;     -- 1 input functions                    ; 0     ;
;     -- 0 input functions                    ; 0     ;
;                                             ;       ;
; Logic elements by mode                      ;       ;
;     -- normal mode                          ; 255   ;
;     -- arithmetic mode                      ; 31    ;
;     -- qfbk mode                            ; 0     ;
;     -- register cascade mode                ; 0     ;
;     -- synchronous clear/load mode          ; 0     ;
;     -- asynchronous clear/load mode         ; 142   ;
;                                             ;       ;
; Total registers                             ; 145   ;
; Total logic cells in carry chains           ; 32    ;
; I/O pins                                    ; 74    ;
; Maximum fan-out node                        ; CLK   ;
; Maximum fan-out                             ; 145   ;
; Total fan-out                               ; 1229  ;
; Average fan-out                             ; 3.41  ;
+---------------------------------------------+-------+


+---------------------------------------------------------------------------------------------------------------------------------------------------------------------------------------------------------------------------------------+
; Analysis & Synthesis Resource Utilization by Entity                                                                                                                                                                                   ;
+-----------------------------+-------------+--------------+-------------+------+--------------+--------------+-------------------+------------------+-----------------+------------+------------------------------------+--------------+
; Compilation Hierarchy Node  ; Logic Cells ; LC Registers ; Memory Bits ; Pins ; Virtual Pins ; LUT-Only LCs ; Register-Only LCs ; LUT/Register LCs ; Carry Chain LCs ; Packed LCs ; Full Hierarchy Name                ; Library Name ;
+-----------------------------+-------------+--------------+-------------+------+--------------+--------------+-------------------+------------------+-----------------+------------+------------------------------------+--------------+
; |top_module                 ; 286 (246)   ; 145          ; 0           ; 74   ; 0            ; 141 (141)    ; 74 (39)           ; 71 (66)          ; 32 (32)         ; 0 (0)      ; |top_module                        ;              ;
;    |phase_gen:pg|           ; 8 (8)       ; 8            ; 0           ; 0    ; 0            ; 0 (0)        ; 3 (3)             ; 5 (5)            ; 0 (0)           ; 0 (0)      ; |top_module|phase_gen:pg           ;              ;
;    |register_file:register| ; 32 (32)     ; 32           ; 0           ; 0    ; 0            ; 0 (0)        ; 32 (32)           ; 0 (0)            ; 0 (0)           ; 0 (0)      ; |top_module|register_file:register ;              ;
+-----------------------------+-------------+--------------+-------------+------+--------------+--------------+-------------------+------------------+-----------------+------------+------------------------------------+--------------+
Note: For table entries with two numbers listed, the numbers in parentheses indicate the number of resources of the given type used by the specific entity alone. The numbers listed outside of parentheses indicate the total resources of the given type used by the specific entity and all of its sub-entities in the hierarchy.


+---------------------------------------------------------------------------------------+
; Registers Removed During Synthesis                                                    ;
+-----------------------------------------+---------------------------------------------+
; Register name                           ; Reason for Removal                          ;
+-----------------------------------------+---------------------------------------------+
; ir[17..21]                              ; Stuck at GND due to stuck port data_in      ;
; register_file:register|rf[7][0]         ; Stuck at VCC due to stuck port clock_enable ;
; register_file:register|rf[1][31]        ; Stuck at GND due to stuck port clock_enable ;
; register_file:register|rf[1][30]        ; Stuck at GND due to stuck port clock_enable ;
; register_file:register|rf[1][29]        ; Stuck at GND due to stuck port clock_enable ;
; register_file:register|rf[1][28]        ; Stuck at GND due to stuck port clock_enable ;
; register_file:register|rf[1][27]        ; Stuck at GND due to stuck port clock_enable ;
; register_file:register|rf[1][26]        ; Stuck at GND due to stuck port clock_enable ;
; register_file:register|rf[1][25]        ; Stuck at GND due to stuck port clock_enable ;
; register_file:register|rf[1][24]        ; Stuck at GND due to stuck port clock_enable ;
; register_file:register|rf[1][23]        ; Stuck at GND due to stuck port clock_enable ;
; register_file:register|rf[1][22]        ; Stuck at GND due to stuck port clock_enable ;
; register_file:register|rf[1][21]        ; Stuck at GND due to stuck port clock_enable ;
; register_file:register|rf[1][20]        ; Stuck at GND due to stuck port clock_enable ;
; register_file:register|rf[1][19]        ; Stuck at GND due to stuck port clock_enable ;
; register_file:register|rf[1][18]        ; Stuck at GND due to stuck port clock_enable ;
; register_file:register|rf[1][17]        ; Stuck at GND due to stuck port clock_enable ;
; register_file:register|rf[1][16]        ; Stuck at GND due to stuck port clock_enable ;
; register_file:register|rf[1][15]        ; Stuck at GND due to stuck port clock_enable ;
; register_file:register|rf[1][14]        ; Stuck at GND due to stuck port clock_enable ;
; register_file:register|rf[1][13]        ; Stuck at GND due to stuck port clock_enable ;
; register_file:register|rf[1][12]        ; Stuck at GND due to stuck port clock_enable ;
; register_file:register|rf[1][11]        ; Stuck at GND due to stuck port clock_enable ;
; register_file:register|rf[1][10]        ; Stuck at GND due to stuck port clock_enable ;
; register_file:register|rf[1][9]         ; Stuck at GND due to stuck port clock_enable ;
; register_file:register|rf[1][8]         ; Stuck at GND due to stuck port clock_enable ;
; register_file:register|rf[1][7]         ; Stuck at GND due to stuck port clock_enable ;
; register_file:register|rf[1][6]         ; Stuck at GND due to stuck port clock_enable ;
; register_file:register|rf[1][5]         ; Stuck at GND due to stuck port clock_enable ;
; register_file:register|rf[1][4]         ; Stuck at GND due to stuck port clock_enable ;
; register_file:register|rf[1][3]         ; Stuck at GND due to stuck port clock_enable ;
; register_file:register|rf[1][2]         ; Stuck at GND due to stuck port clock_enable ;
; register_file:register|rf[1][1]         ; Stuck at GND due to stuck port clock_enable ;
; register_file:register|rf[1][0]         ; Stuck at VCC due to stuck port clock_enable ;
; register_file:register|rf[2][31]        ; Stuck at GND due to stuck port clock_enable ;
; register_file:register|rf[2][30]        ; Stuck at GND due to stuck port clock_enable ;
; register_file:register|rf[2][29]        ; Stuck at GND due to stuck port clock_enable ;
; register_file:register|rf[2][28]        ; Stuck at GND due to stuck port clock_enable ;
; register_file:register|rf[2][27]        ; Stuck at GND due to stuck port clock_enable ;
; register_file:register|rf[2][26]        ; Stuck at GND due to stuck port clock_enable ;
; register_file:register|rf[2][25]        ; Stuck at GND due to stuck port clock_enable ;
; register_file:register|rf[2][24]        ; Stuck at GND due to stuck port clock_enable ;
; register_file:register|rf[2][23]        ; Stuck at GND due to stuck port clock_enable ;
; register_file:register|rf[2][22]        ; Stuck at GND due to stuck port clock_enable ;
; register_file:register|rf[2][21]        ; Stuck at GND due to stuck port clock_enable ;
; register_file:register|rf[2][20]        ; Stuck at GND due to stuck port clock_enable ;
; register_file:register|rf[2][19]        ; Stuck at GND due to stuck port clock_enable ;
; register_file:register|rf[2][18]        ; Stuck at GND due to stuck port clock_enable ;
; register_file:register|rf[2][17]        ; Stuck at GND due to stuck port clock_enable ;
; register_file:register|rf[2][16]        ; Stuck at GND due to stuck port clock_enable ;
; register_file:register|rf[2][15]        ; Stuck at GND due to stuck port clock_enable ;
; register_file:register|rf[2][14]        ; Stuck at GND due to stuck port clock_enable ;
; register_file:register|rf[2][13]        ; Stuck at GND due to stuck port clock_enable ;
; register_file:register|rf[2][12]        ; Stuck at GND due to stuck port clock_enable ;
; register_file:register|rf[2][11]        ; Stuck at GND due to stuck port clock_enable ;
; register_file:register|rf[2][10]        ; Stuck at GND due to stuck port clock_enable ;
; register_file:register|rf[2][9]         ; Stuck at GND due to stuck port clock_enable ;
; register_file:register|rf[2][8]         ; Stuck at GND due to stuck port clock_enable ;
; register_file:register|rf[2][7]         ; Stuck at GND due to stuck port clock_enable ;
; register_file:register|rf[2][6]         ; Stuck at GND due to stuck port clock_enable ;
; register_file:register|rf[2][5]         ; Stuck at GND due to stuck port clock_enable ;
; register_file:register|rf[2][4]         ; Stuck at GND due to stuck port clock_enable ;
; register_file:register|rf[2][3]         ; Stuck at GND due to stuck port clock_enable ;
; register_file:register|rf[2][2]         ; Stuck at GND due to stuck port clock_enable ;
; register_file:register|rf[2][1]         ; Stuck at VCC due to stuck port clock_enable ;
; register_file:register|rf[2][0]         ; Stuck at GND due to stuck port clock_enable ;
; register_file:register|rf[3][31]        ; Stuck at GND due to stuck port clock_enable ;
; register_file:register|rf[3][30]        ; Stuck at GND due to stuck port clock_enable ;
; register_file:register|rf[3][29]        ; Stuck at GND due to stuck port clock_enable ;
; register_file:register|rf[3][28]        ; Stuck at GND due to stuck port clock_enable ;
; register_file:register|rf[3][27]        ; Stuck at GND due to stuck port clock_enable ;
; register_file:register|rf[3][26]        ; Stuck at GND due to stuck port clock_enable ;
; register_file:register|rf[3][25]        ; Stuck at GND due to stuck port clock_enable ;
; register_file:register|rf[3][24]        ; Stuck at GND due to stuck port clock_enable ;
; register_file:register|rf[3][23]        ; Stuck at GND due to stuck port clock_enable ;
; register_file:register|rf[3][22]        ; Stuck at GND due to stuck port clock_enable ;
; register_file:register|rf[3][21]        ; Stuck at GND due to stuck port clock_enable ;
; register_file:register|rf[3][20]        ; Stuck at GND due to stuck port clock_enable ;
; register_file:register|rf[3][19]        ; Stuck at GND due to stuck port clock_enable ;
; register_file:register|rf[3][18]        ; Stuck at GND due to stuck port clock_enable ;
; register_file:register|rf[3][17]        ; Stuck at GND due to stuck port clock_enable ;
; register_file:register|rf[3][16]        ; Stuck at GND due to stuck port clock_enable ;
; register_file:register|rf[3][15]        ; Stuck at GND due to stuck port clock_enable ;
; register_file:register|rf[3][14]        ; Stuck at GND due to stuck port clock_enable ;
; register_file:register|rf[3][13]        ; Stuck at GND due to stuck port clock_enable ;
; register_file:register|rf[3][12]        ; Stuck at GND due to stuck port clock_enable ;
; register_file:register|rf[3][11]        ; Stuck at GND due to stuck port clock_enable ;
; register_file:register|rf[3][10]        ; Stuck at GND due to stuck port clock_enable ;
; register_file:register|rf[3][9]         ; Stuck at GND due to stuck port clock_enable ;
; register_file:register|rf[3][8]         ; Stuck at GND due to stuck port clock_enable ;
; register_file:register|rf[3][7]         ; Stuck at GND due to stuck port clock_enable ;
; register_file:register|rf[3][6]         ; Stuck at GND due to stuck port clock_enable ;
; register_file:register|rf[3][5]         ; Stuck at GND due to stuck port clock_enable ;
; register_file:register|rf[3][4]         ; Stuck at GND due to stuck port clock_enable ;
; register_file:register|rf[3][3]         ; Stuck at GND due to stuck port clock_enable ;
; register_file:register|rf[3][2]         ; Stuck at GND due to stuck port clock_enable ;
; register_file:register|rf[3][1]         ; Stuck at VCC due to stuck port clock_enable ;
; register_file:register|rf[3][0]         ; Stuck at VCC due to stuck port clock_enable ;
; register_file:register|rf[4][31]        ; Stuck at GND due to stuck port clock_enable ;
; register_file:register|rf[4][30]        ; Stuck at GND due to stuck port clock_enable ;
; register_file:register|rf[4][29]        ; Stuck at GND due to stuck port clock_enable ;
; register_file:register|rf[4][28]        ; Stuck at GND due to stuck port clock_enable ;
; register_file:register|rf[4][27]        ; Stuck at GND due to stuck port clock_enable ;
; register_file:register|rf[4][26]        ; Stuck at GND due to stuck port clock_enable ;
; register_file:register|rf[4][25]        ; Stuck at GND due to stuck port clock_enable ;
; register_file:register|rf[4][24]        ; Stuck at GND due to stuck port clock_enable ;
; register_file:register|rf[4][23]        ; Stuck at GND due to stuck port clock_enable ;
; register_file:register|rf[4][22]        ; Stuck at GND due to stuck port clock_enable ;
; register_file:register|rf[4][21]        ; Stuck at GND due to stuck port clock_enable ;
; register_file:register|rf[4][20]        ; Stuck at GND due to stuck port clock_enable ;
; register_file:register|rf[4][19]        ; Stuck at GND due to stuck port clock_enable ;
; register_file:register|rf[4][18]        ; Stuck at GND due to stuck port clock_enable ;
; register_file:register|rf[4][17]        ; Stuck at GND due to stuck port clock_enable ;
; register_file:register|rf[4][16]        ; Stuck at GND due to stuck port clock_enable ;
; register_file:register|rf[4][15]        ; Stuck at GND due to stuck port clock_enable ;
; register_file:register|rf[4][14]        ; Stuck at GND due to stuck port clock_enable ;
; register_file:register|rf[4][13]        ; Stuck at GND due to stuck port clock_enable ;
; register_file:register|rf[4][12]        ; Stuck at GND due to stuck port clock_enable ;
; register_file:register|rf[4][11]        ; Stuck at GND due to stuck port clock_enable ;
; register_file:register|rf[4][10]        ; Stuck at GND due to stuck port clock_enable ;
; register_file:register|rf[4][9]         ; Stuck at GND due to stuck port clock_enable ;
; register_file:register|rf[4][8]         ; Stuck at GND due to stuck port clock_enable ;
; register_file:register|rf[4][7]         ; Stuck at GND due to stuck port clock_enable ;
; register_file:register|rf[4][6]         ; Stuck at GND due to stuck port clock_enable ;
; register_file:register|rf[4][5]         ; Stuck at GND due to stuck port clock_enable ;
; register_file:register|rf[4][4]         ; Stuck at GND due to stuck port clock_enable ;
; register_file:register|rf[4][3]         ; Stuck at GND due to stuck port clock_enable ;
; register_file:register|rf[4][2]         ; Stuck at VCC due to stuck port clock_enable ;
; register_file:register|rf[4][1]         ; Stuck at GND due to stuck port clock_enable ;
; register_file:register|rf[4][0]         ; Stuck at GND due to stuck port clock_enable ;
; register_file:register|rf[5][31]        ; Stuck at GND due to stuck port clock_enable ;
; register_file:register|rf[5][30]        ; Stuck at GND due to stuck port clock_enable ;
; register_file:register|rf[5][29]        ; Stuck at GND due to stuck port clock_enable ;
; register_file:register|rf[5][28]        ; Stuck at GND due to stuck port clock_enable ;
; register_file:register|rf[5][27]        ; Stuck at GND due to stuck port clock_enable ;
; register_file:register|rf[5][26]        ; Stuck at GND due to stuck port clock_enable ;
; register_file:register|rf[5][25]        ; Stuck at GND due to stuck port clock_enable ;
; register_file:register|rf[5][24]        ; Stuck at GND due to stuck port clock_enable ;
; register_file:register|rf[5][23]        ; Stuck at GND due to stuck port clock_enable ;
; register_file:register|rf[5][22]        ; Stuck at GND due to stuck port clock_enable ;
; register_file:register|rf[5][21]        ; Stuck at GND due to stuck port clock_enable ;
; register_file:register|rf[5][20]        ; Stuck at GND due to stuck port clock_enable ;
; register_file:register|rf[5][19]        ; Stuck at GND due to stuck port clock_enable ;
; register_file:register|rf[5][18]        ; Stuck at GND due to stuck port clock_enable ;
; register_file:register|rf[5][17]        ; Stuck at GND due to stuck port clock_enable ;
; register_file:register|rf[5][16]        ; Stuck at GND due to stuck port clock_enable ;
; register_file:register|rf[5][15]        ; Stuck at GND due to stuck port clock_enable ;
; register_file:register|rf[5][14]        ; Stuck at GND due to stuck port clock_enable ;
; register_file:register|rf[5][13]        ; Stuck at GND due to stuck port clock_enable ;
; register_file:register|rf[5][12]        ; Stuck at GND due to stuck port clock_enable ;
; register_file:register|rf[5][11]        ; Stuck at GND due to stuck port clock_enable ;
; register_file:register|rf[5][10]        ; Stuck at GND due to stuck port clock_enable ;
; register_file:register|rf[5][9]         ; Stuck at GND due to stuck port clock_enable ;
; register_file:register|rf[5][8]         ; Stuck at GND due to stuck port clock_enable ;
; register_file:register|rf[5][7]         ; Stuck at GND due to stuck port clock_enable ;
; register_file:register|rf[5][6]         ; Stuck at GND due to stuck port clock_enable ;
; register_file:register|rf[5][5]         ; Stuck at GND due to stuck port clock_enable ;
; register_file:register|rf[5][4]         ; Stuck at GND due to stuck port clock_enable ;
; register_file:register|rf[5][3]         ; Stuck at GND due to stuck port clock_enable ;
; register_file:register|rf[5][2]         ; Stuck at VCC due to stuck port clock_enable ;
; register_file:register|rf[5][1]         ; Stuck at GND due to stuck port clock_enable ;
; register_file:register|rf[5][0]         ; Stuck at VCC due to stuck port clock_enable ;
; register_file:register|rf[6][31]        ; Stuck at GND due to stuck port clock_enable ;
; register_file:register|rf[6][30]        ; Stuck at GND due to stuck port clock_enable ;
; register_file:register|rf[6][29]        ; Stuck at GND due to stuck port clock_enable ;
; register_file:register|rf[6][28]        ; Stuck at GND due to stuck port clock_enable ;
; register_file:register|rf[6][27]        ; Stuck at GND due to stuck port clock_enable ;
; register_file:register|rf[6][26]        ; Stuck at GND due to stuck port clock_enable ;
; register_file:register|rf[6][25]        ; Stuck at GND due to stuck port clock_enable ;
; register_file:register|rf[6][24]        ; Stuck at GND due to stuck port clock_enable ;
; register_file:register|rf[6][23]        ; Stuck at GND due to stuck port clock_enable ;
; register_file:register|rf[6][22]        ; Stuck at GND due to stuck port clock_enable ;
; register_file:register|rf[6][21]        ; Stuck at GND due to stuck port clock_enable ;
; register_file:register|rf[6][20]        ; Stuck at GND due to stuck port clock_enable ;
; register_file:register|rf[6][19]        ; Stuck at GND due to stuck port clock_enable ;
; register_file:register|rf[6][18]        ; Stuck at GND due to stuck port clock_enable ;
; register_file:register|rf[6][17]        ; Stuck at GND due to stuck port clock_enable ;
; register_file:register|rf[6][16]        ; Stuck at GND due to stuck port clock_enable ;
; register_file:register|rf[6][15]        ; Stuck at GND due to stuck port clock_enable ;
; register_file:register|rf[6][14]        ; Stuck at GND due to stuck port clock_enable ;
; register_file:register|rf[6][13]        ; Stuck at GND due to stuck port clock_enable ;
; register_file:register|rf[6][12]        ; Stuck at GND due to stuck port clock_enable ;
; register_file:register|rf[6][11]        ; Stuck at GND due to stuck port clock_enable ;
; register_file:register|rf[6][10]        ; Stuck at GND due to stuck port clock_enable ;
; register_file:register|rf[6][9]         ; Stuck at GND due to stuck port clock_enable ;
; register_file:register|rf[6][8]         ; Stuck at GND due to stuck port clock_enable ;
; register_file:register|rf[6][7]         ; Stuck at GND due to stuck port clock_enable ;
; register_file:register|rf[6][6]         ; Stuck at GND due to stuck port clock_enable ;
; register_file:register|rf[6][5]         ; Stuck at GND due to stuck port clock_enable ;
; register_file:register|rf[6][4]         ; Stuck at GND due to stuck port clock_enable ;
; register_file:register|rf[6][3]         ; Stuck at GND due to stuck port clock_enable ;
; register_file:register|rf[6][2]         ; Stuck at VCC due to stuck port clock_enable ;
; register_file:register|rf[6][1]         ; Stuck at VCC due to stuck port clock_enable ;
; register_file:register|rf[6][0]         ; Stuck at GND due to stuck port clock_enable ;
; register_file:register|rf[7][31]        ; Stuck at GND due to stuck port clock_enable ;
; register_file:register|rf[7][30]        ; Stuck at GND due to stuck port clock_enable ;
; register_file:register|rf[7][29]        ; Stuck at GND due to stuck port clock_enable ;
; register_file:register|rf[7][28]        ; Stuck at GND due to stuck port clock_enable ;
; register_file:register|rf[7][27]        ; Stuck at GND due to stuck port clock_enable ;
; register_file:register|rf[7][26]        ; Stuck at GND due to stuck port clock_enable ;
; register_file:register|rf[7][25]        ; Stuck at GND due to stuck port clock_enable ;
; register_file:register|rf[7][24]        ; Stuck at GND due to stuck port clock_enable ;
; register_file:register|rf[7][23]        ; Stuck at GND due to stuck port clock_enable ;
; register_file:register|rf[7][22]        ; Stuck at GND due to stuck port clock_enable ;
; register_file:register|rf[7][21]        ; Stuck at GND due to stuck port clock_enable ;
; register_file:register|rf[7][20]        ; Stuck at GND due to stuck port clock_enable ;
; register_file:register|rf[7][19]        ; Stuck at GND due to stuck port clock_enable ;
; register_file:register|rf[7][18]        ; Stuck at GND due to stuck port clock_enable ;
; register_file:register|rf[7][17]        ; Stuck at GND due to stuck port clock_enable ;
; register_file:register|rf[7][16]        ; Stuck at GND due to stuck port clock_enable ;
; register_file:register|rf[7][15]        ; Stuck at GND due to stuck port clock_enable ;
; register_file:register|rf[7][14]        ; Stuck at GND due to stuck port clock_enable ;
; register_file:register|rf[7][13]        ; Stuck at GND due to stuck port clock_enable ;
; register_file:register|rf[7][12]        ; Stuck at GND due to stuck port clock_enable ;
; register_file:register|rf[7][11]        ; Stuck at GND due to stuck port clock_enable ;
; register_file:register|rf[7][10]        ; Stuck at GND due to stuck port clock_enable ;
; register_file:register|rf[7][9]         ; Stuck at GND due to stuck port clock_enable ;
; register_file:register|rf[7][8]         ; Stuck at GND due to stuck port clock_enable ;
; register_file:register|rf[7][7]         ; Stuck at GND due to stuck port clock_enable ;
; register_file:register|rf[7][6]         ; Stuck at GND due to stuck port clock_enable ;
; register_file:register|rf[7][5]         ; Stuck at GND due to stuck port clock_enable ;
; register_file:register|rf[7][4]         ; Stuck at GND due to stuck port clock_enable ;
; register_file:register|rf[7][3]         ; Stuck at GND due to stuck port clock_enable ;
; register_file:register|rf[7][2]         ; Stuck at VCC due to stuck port clock_enable ;
; register_file:register|rf[7][1]         ; Stuck at VCC due to stuck port clock_enable ;
; Total Number of Removed Registers = 229 ;                                             ;
+-----------------------------------------+---------------------------------------------+


+------------------------------------------------------+
; General Register Statistics                          ;
+----------------------------------------------+-------+
; Statistic                                    ; Value ;
+----------------------------------------------+-------+
; Total registers                              ; 145   ;
; Number of registers using Synchronous Clear  ; 0     ;
; Number of registers using Synchronous Load   ; 0     ;
; Number of registers using Asynchronous Clear ; 142   ;
; Number of registers using Asynchronous Load  ; 0     ;
; Number of registers using Clock Enable       ; 128   ;
; Number of registers using Preset             ; 0     ;
+----------------------------------------------+-------+


+------------------------------------------------------------------------------------------------------------------------------------------------------+
; Multiplexer Restructuring Statistics (Restructuring Performed)                                                                                       ;
+--------------------+-----------+---------------+----------------------+------------------------+------------------------+----------------------------+
; Multiplexer Inputs ; Bus Width ; Baseline Area ; Area if Restructured ; Saving if Restructured ; Registered             ; Example Multiplexer Output ;
+--------------------+-----------+---------------+----------------------+------------------------+------------------------+----------------------------+
; 256:1              ; 49 bits   ; 8330 LEs      ; 1176 LEs             ; 7154 LEs               ; |top_module|Selector40 ;                            ;
+--------------------+-----------+---------------+----------------------+------------------------+------------------------+----------------------------+


+-----------------------------------------------------------------------------------------------------------------------------------------------------------------------------------------------------------------+
; Port Connectivity Checks: "phase_gen:pg"                                                                                                                                                                        ;
+---------+-------+----------+------------------------------------------------------------------------------------------------------------------------------------------------------------------------------------+
; Port    ; Type  ; Severity ; Details                                                                                                                                                                            ;
+---------+-------+----------+------------------------------------------------------------------------------------------------------------------------------------------------------------------------------------+
; hlt     ; Input ; Warning  ; Input port expression (32 bits) is wider than the input port (1 bits) it drives.  The 31 most-significant bit(s) in the expression will be dangling if they have no other fanouts. ;
; hlt[-1] ; Input ; Info     ; Stuck at GND                                                                                                                                                                       ;
+---------+-------+----------+------------------------------------------------------------------------------------------------------------------------------------------------------------------------------------+


+-------------------------------+
; Elapsed Time Per Partition    ;
+----------------+--------------+
; Partition Name ; Elapsed Time ;
+----------------+--------------+
; Top            ; 00:00:01     ;
+----------------+--------------+


+-------------------------------+
; Analysis & Synthesis Messages ;
+-------------------------------+
Info: *******************************************************************
Info: Running Quartus II Analysis & Synthesis
    Info: Version 11.0 Build 208 07/03/2011 Service Pack 1 SJ Web Edition
    Info: Processing started: Mon Nov  5 15:41:43 2012
Info: Command: quartus_map --read_settings_files=on --write_settings_files=off CPU -c cpu_top
Warning: Parallel compilation is not licensed and has been disabled
Info: Found 1 design units, including 1 entities, in source file src/adder.v
    Info: Found entity 1: adder
Info: Found 1 design units, including 1 entities, in source file src/phase_gen.v
    Info: Found entity 1: phase_gen
Info: Found 1 design units, including 1 entities, in source file src/register_file.v
    Info: Found entity 1: register_file
Info: Found 1 design units, including 1 entities, in source file src/top_module.v
    Info: Found entity 1: top_module
Info: Elaborating entity "top_module" for the top level hierarchy
Info (10264): Verilog HDL Case Statement information at top_module.v(115): all case item expressions in this case statement are onehot
Info: Elaborating entity "phase_gen" for hierarchy "phase_gen:pg"
Info: Elaborating entity "register_file" for hierarchy "register_file:register"
Warning (10240): Verilog HDL Always Construct warning at register_file.v(13): inferring latch(es) for variable "i", which holds its previous value in one or more paths through the always construct
Info: Elaborating entity "adder" for hierarchy "adder:alu"
Warning: 1 hierarchies have connectivity warnings - see the Connectivity Checks report folder
Warning: Output pins are stuck at VCC or GND
    Warning (13410): Pin "SEG_OUT[0]" is stuck at GND
    Warning (13410): Pin "SEG_OUT[8]" is stuck at GND
    Warning (13410): Pin "SEG_OUT[16]" is stuck at GND
    Warning (13410): Pin "SEG_OUT[24]" is stuck at GND
    Warning (13410): Pin "SEG_OUT[32]" is stuck at GND
    Warning (13410): Pin "SEG_OUT[40]" is stuck at GND
    Warning (13410): Pin "SEG_OUT[48]" is stuck at GND
    Warning (13410): Pin "SEG_OUT[56]" is stuck at GND
Info: Generating hard_block partition "hard_block:auto_generated_inst"
Info: Implemented 360 device resources after synthesis - the final resource count might be different
    Info: Implemented 2 input pins
    Info: Implemented 72 output pins
    Info: Implemented 286 logic cells
Info: Quartus II Analysis & Synthesis was successful. 0 errors, 12 warnings
    Info: Peak virtual memory: 262 megabytes
    Info: Processing ended: Mon Nov  5 15:41:46 2012
    Info: Elapsed time: 00:00:03
    Info: Total CPU time (on all processors): 00:00:03


