Flow report for cpu_top
Tue Nov  6 14:57:45 2012
Quartus II Version 11.0 Build 208 07/03/2011 Service Pack 1 SJ Web Edition


---------------------
; Table of Contents ;
---------------------
  1. Legal Notice
  2. Flow Summary
  3. Flow Settings
  4. Flow Non-Default Global Settings
  5. Flow Elapsed Time
  6. Flow OS Summary
  7. Flow Log



----------------
; Legal Notice ;
----------------
Copyright (C) 1991-2011 Altera Corporation
Your use of Altera Corporation's design tools, logic functions 
and other software and tools, and its AMPP partner logic 
functions, and any output files from any of the foregoing 
(including device programming or simulation files), and any 
associated documentation or information are expressly subject 
to the terms and conditions of the Altera Program License 
Subscription Agreement, Altera MegaCore Function License 
Agreement, or other applicable license agreement, including, 
without limitation, that your use is for the sole purpose of 
programming logic devices manufactured by Altera and sold by 
Altera or its authorized distributors.  Please refer to the 
applicable agreement for further details.



+-----------------------------------------------------------------------+
; Flow Summary                                                          ;
+-----------------------+-----------------------------------------------+
; Flow Status           ; Successful - Tue Nov  6 14:57:45 2012         ;
; Quartus II Version    ; 11.0 Build 208 07/03/2011 SP 1 SJ Web Edition ;
; Revision Name         ; cpu_top                                       ;
; Top-level Entity Name ; top_module                                    ;
; Family                ; Cyclone                                       ;
; Device                ; EP1C6Q240C8                                   ;
; Timing Models         ; Final                                         ;
; Total logic elements  ; 279 / 5,980 ( 5 % )                           ;
; Total pins            ; 74 / 185 ( 40 % )                             ;
; Total virtual pins    ; 0                                             ;
; Total memory bits     ; 32,768 / 92,160 ( 36 % )                      ;
; Total PLLs            ; 0 / 2 ( 0 % )                                 ;
+-----------------------+-----------------------------------------------+


+-----------------------------------------+
; Flow Settings                           ;
+-------------------+---------------------+
; Option            ; Setting             ;
+-------------------+---------------------+
; Start date & time ; 11/06/2012 14:57:27 ;
; Main task         ; Compilation         ;
; Revision Name     ; cpu_top             ;
+-------------------+---------------------+


+--------------------------------------------------------------------------------------------------------------------+
; Flow Non-Default Global Settings                                                                                   ;
+--------------------------------------+------------------------------+---------------+-------------+----------------+
; Assignment Name                      ; Value                        ; Default Value ; Entity Name ; Section Id     ;
+--------------------------------------+------------------------------+---------------+-------------+----------------+
; COMPILER_SIGNATURE_ID                ; 167829490113.135218144726648 ; --            ; --          ; --             ;
; EDA_DESIGN_INSTANCE_NAME             ; NA                           ; --            ; --          ; dp_testbench   ;
; EDA_NATIVELINK_SIMULATION_TEST_BENCH ; dp_testbench                 ; --            ; --          ; eda_simulation ;
; EDA_OUTPUT_DATA_FORMAT               ; Verilog Hdl                  ; --            ; --          ; eda_simulation ;
; EDA_SIMULATION_TOOL                  ; ModelSim-Altera (Verilog)    ; <None>        ; --          ; --             ;
; EDA_TEST_BENCH_ENABLE_STATUS         ; TEST_BENCH_MODE              ; --            ; --          ; eda_simulation ;
; EDA_TEST_BENCH_FILE                  ; src/dp_testbench.v           ; --            ; --          ; dp_testbench   ;
; EDA_TEST_BENCH_MODULE_NAME           ; dp_testbench                 ; --            ; --          ; dp_testbench   ;
; EDA_TEST_BENCH_NAME                  ; dp_testbench                 ; --            ; --          ; eda_simulation ;
; EDA_TIME_SCALE                       ; 1 ps                         ; --            ; --          ; eda_simulation ;
; PARTITION_COLOR                      ; 16764057                     ; --            ; top_module  ; Top            ;
; PARTITION_FITTER_PRESERVATION_LEVEL  ; PLACEMENT_AND_ROUTING        ; --            ; top_module  ; Top            ;
; PARTITION_NETLIST_TYPE               ; SOURCE                       ; --            ; top_module  ; Top            ;
; TOP_LEVEL_ENTITY                     ; top_module                   ; cpu_top       ; --          ; --             ;
+--------------------------------------+------------------------------+---------------+-------------+----------------+


+-------------------------------------------------------------------------------------------------------------------------------+
; Flow Elapsed Time                                                                                                             ;
+---------------------------+--------------+-------------------------+---------------------+------------------------------------+
; Module Name               ; Elapsed Time ; Average Processors Used ; Peak Virtual Memory ; Total CPU Time (on all processors) ;
+---------------------------+--------------+-------------------------+---------------------+------------------------------------+
; Analysis & Synthesis      ; 00:00:04     ; 1.0                     ; --                  ; 00:00:03                           ;
; Fitter                    ; 00:00:06     ; 1.0                     ; --                  ; 00:00:05                           ;
; TimeQuest Timing Analyzer ; 00:00:01     ; 1.0                     ; --                  ; 00:00:01                           ;
; Assembler                 ; 00:00:01     ; 1.0                     ; --                  ; 00:00:01                           ;
; EDA Netlist Writer        ; 00:00:01     ; 1.0                     ; --                  ; 00:00:01                           ;
; Total                     ; 00:00:13     ; --                      ; --                  ; 00:00:11                           ;
+---------------------------+--------------+-------------------------+---------------------+------------------------------------+


+-------------------------------------------------------------------------------------------+
; Flow OS Summary                                                                           ;
+---------------------------+------------------+--------------+------------+----------------+
; Module Name               ; Machine Hostname ; OS Name      ; OS Version ; Processor type ;
+---------------------------+------------------+--------------+------------+----------------+
; Analysis & Synthesis      ; denjo-pc         ; Ubuntu 12.10 ; 12         ; i686           ;
; Fitter                    ; denjo-pc         ; Ubuntu 12.10 ; 12         ; i686           ;
; TimeQuest Timing Analyzer ; denjo-pc         ; Ubuntu 12.10 ; 12         ; i686           ;
; Assembler                 ; denjo-pc         ; Ubuntu 12.10 ; 12         ; i686           ;
; EDA Netlist Writer        ; denjo-pc         ; Ubuntu 12.10 ; 12         ; i686           ;
+---------------------------+------------------+--------------+------------+----------------+


------------
; Flow Log ;
------------
quartus_map --read_settings_files=on --write_settings_files=off CPU -c cpu_top
quartus_fit --read_settings_files=off --write_settings_files=off CPU -c cpu_top
quartus_sta CPU -c cpu_top
quartus_asm --read_settings_files=off --write_settings_files=off CPU -c cpu_top
quartus_eda --read_settings_files=off --write_settings_files=off CPU -c cpu_top



